2022-10-20 20:09:21,469 seed: 0
2022-10-20 20:09:21,469 exp: rn18_cifar10
2022-10-20 20:09:21,470 if_logger: True
2022-10-20 20:09:21,470 if_writer: False
2022-10-20 20:09:21,470 load_model: state_dict
2022-10-20 20:09:21,471 only_test: False
2022-10-20 20:09:21,471 save: False
2022-10-20 20:09:21,471 epoch: 100
2022-10-20 20:09:21,471 grad_clip: -1
2022-10-20 20:09:21,472 log_frequency: 250
2022-10-20 20:09:21,472 model: Config([('name', 'ResNet18'), ('num_classes', 10)])
2022-10-20 20:09:21,472 dataset: Config([('name', 'DatasetGenerator'), ('train_bs', 128), ('eval_bs', 128)])
2022-10-20 20:09:21,473 criterion: Config([('name', 'CrossEntropyLoss')])
2022-10-20 20:09:21,473 optimizer: Config([('name', 'SGD'), ('lr', 0.1), ('weight_decay', 0.0005), ('momentum', 0.9)])
2022-10-20 20:09:21,473 scheduler: Config([('name', 'MultiStepLR'), ('milestones', [45, 75, 90]), ('gamma', 0.1)])
2022-10-20 20:09:23,772 state_dict loaded from experiments\rn18_cifar10\state_dict\state_dict.pt
2022-10-20 20:09:23,772 !!! The best accuracy is 0 !!!
2022-10-20 20:09:23,773 ====================Training Epoch 0====================
2022-10-20 20:09:26,959 epoch=0 global_step=0 loss=0.3437 loss_avg=0.3437 lr=0.1000 |gn|=0.0000 acc=0.8828 acc_avg=0.8828 time=0.32it/s
2022-10-20 20:10:00,232 epoch=0 global_step=250 loss=0.3307 loss_avg=0.3288 lr=0.1000 |gn|=0.0000 acc=0.8828 acc_avg=0.8870 time=9.43it/s
2022-10-20 20:10:19,178 ====================Eval Epoch 0====================
2022-10-20 20:10:22,693 [33mVal Loss: 1.25[0m
2022-10-20 20:10:22,694 [33mVal Acc: 0.6730[0m
2022-10-20 20:10:22,694 ====================Training Epoch 1====================
2022-10-20 20:10:37,175 epoch=1 global_step=500 loss=0.3485 loss_avg=0.3214 lr=0.1000 |gn|=0.0000 acc=0.8906 acc_avg=0.8905 time=9.43it/s
