2022-10-20 20:15:35,536 seed: 0
2022-10-20 20:15:35,536 exp: alex_cifar10
2022-10-20 20:15:35,537 if_logger: True
2022-10-20 20:15:35,537 if_writer: True
2022-10-20 20:15:35,537 load_model: None
2022-10-20 20:15:35,537 only_test: False
2022-10-20 20:15:35,537 save: True
2022-10-20 20:15:35,537 epoch: 80
2022-10-20 20:15:35,538 grad_clip: -1
2022-10-20 20:15:35,538 log_frequency: 250
2022-10-20 20:15:35,538 model: Config([('name', 'AlexNet'), ('num_classes', 10)])
2022-10-20 20:15:35,538 dataset: Config([('name', 'DatasetGenerator'), ('train_bs', 128), ('eval_bs', 128)])
2022-10-20 20:15:35,538 criterion: Config([('name', 'CrossEntropyLoss')])
2022-10-20 20:15:35,538 optimizer: Config([('name', 'SGD'), ('lr', 0.1), ('weight_decay', 0.0005), ('momentum', 0.9)])
2022-10-20 20:15:35,539 scheduler: Config([('name', 'MultiStepLR'), ('milestones', [25, 45, 70]), ('gamma', 0.1)])
2022-10-20 20:15:39,078 ====================Training Epoch 0====================
2022-10-20 20:15:42,639 epoch=0 global_step=0 loss=2.3016 loss_avg=2.3016 lr=0.1000 |gn|=0.0000 acc=0.1016 acc_avg=0.1016 time=0.37it/s
2022-10-20 20:15:54,549 epoch=0 global_step=250 loss=2.2633 loss_avg=2.3007 lr=0.1000 |gn|=0.0000 acc=0.1953 acc_avg=0.1092 time=47.85it/s
2022-10-20 20:16:01,182 ====================Eval Epoch 0====================
2022-10-20 20:16:02,658 [33mVal Loss: 2.23[0m
2022-10-20 20:16:02,658 [33mVal Acc: 0.1386[0m
2022-10-20 20:16:03,513 state_dict saved at experiments\alex_cifar10\state_dict\state_dict.pt
2022-10-20 20:16:03,513 state_dict loaded from experiments\alex_cifar10\state_dict\state_dict.pt
2022-10-20 20:16:03,513 !!!!!!!!!!The best accuracy is 0!!!!!!!!!!
2022-10-20 20:16:03,514 ====================Training Epoch 1====================
2022-10-20 20:16:08,659 epoch=1 global_step=500 loss=2.3048 loss_avg=2.2366 lr=0.1000 |gn|=0.0000 acc=0.1172 acc_avg=0.1575 time=47.74it/s
2022-10-20 20:16:20,177 epoch=1 global_step=750 loss=1.9531 loss_avg=2.1216 lr=0.1000 |gn|=0.0000 acc=0.2344 acc_avg=0.1861 time=47.86it/s
2022-10-20 20:16:21,594 ====================Eval Epoch 1====================
2022-10-20 20:16:23,022 [33mVal Loss: 1.89[0m
2022-10-20 20:16:23,023 [33mVal Acc: 0.2597[0m
2022-10-20 20:16:23,888 state_dict saved at experiments\alex_cifar10\state_dict\state_dict.pt
2022-10-20 20:16:23,888 state_dict loaded from experiments\alex_cifar10\state_dict\state_dict.pt
2022-10-20 20:16:23,888 !!!!!!!!!!The best accuracy is 0!!!!!!!!!!
2022-10-20 20:16:23,889 ====================Training Epoch 2====================
2022-10-20 20:16:34,190 epoch=2 global_step=1000 loss=1.7603 loss_avg=1.8689 lr=0.1000 |gn|=0.0000 acc=0.3438 acc_avg=0.2855 time=43.48it/s
2022-10-20 20:16:42,411 ====================Eval Epoch 2====================
2022-10-20 20:16:43,866 [33mVal Loss: 1.74[0m
2022-10-20 20:16:43,867 [33mVal Acc: 0.3471[0m
2022-10-20 20:16:44,760 state_dict saved at experiments\alex_cifar10\state_dict\state_dict.pt
2022-10-20 20:16:44,760 state_dict loaded from experiments\alex_cifar10\state_dict\state_dict.pt
2022-10-20 20:16:44,761 !!!!!!!!!!The best accuracy is 0!!!!!!!!!!
2022-10-20 20:16:44,761 ====================Training Epoch 3====================
2022-10-20 20:16:48,548 epoch=3 global_step=1250 loss=1.7550 loss_avg=1.7518 lr=0.1000 |gn|=0.0000 acc=0.3047 acc_avg=0.3359 time=47.62it/s
2022-10-20 20:17:00,274 epoch=3 global_step=1500 loss=1.7280 loss_avg=1.7167 lr=0.1000 |gn|=0.0000 acc=0.3984 acc_avg=0.3559 time=47.61it/s
2022-10-20 20:17:03,246 ====================Eval Epoch 3====================
2022-10-20 20:17:04,733 [33mVal Loss: 1.74[0m
2022-10-20 20:17:04,734 [33mVal Acc: 0.3851[0m
2022-10-20 20:17:05,649 state_dict saved at experiments\alex_cifar10\state_dict\state_dict.pt
2022-10-20 20:17:05,649 state_dict loaded from experiments\alex_cifar10\state_dict\state_dict.pt
2022-10-20 20:17:05,650 !!!!!!!!!!The best accuracy is 0!!!!!!!!!!
2022-10-20 20:17:05,650 ====================Training Epoch 4====================
2022-10-20 20:17:14,427 epoch=4 global_step=1750 loss=1.4833 loss_avg=1.6262 lr=0.1000 |gn|=0.0000 acc=0.4375 acc_avg=0.4017 time=47.62it/s
2022-10-20 20:17:23,974 ====================Eval Epoch 4====================
2022-10-20 20:17:25,525 [33mVal Loss: 1.47[0m
2022-10-20 20:17:25,525 [33mVal Acc: 0.4510[0m
2022-10-20 20:17:26,531 state_dict saved at experiments\alex_cifar10\state_dict\state_dict.pt
2022-10-20 20:17:26,532 state_dict loaded from experiments\alex_cifar10\state_dict\state_dict.pt
2022-10-20 20:17:26,532 !!!!!!!!!!The best accuracy is 0!!!!!!!!!!
2022-10-20 20:17:26,532 ====================Training Epoch 5====================
2022-10-20 20:17:28,815 epoch=5 global_step=2000 loss=1.4962 loss_avg=1.5359 lr=0.1000 |gn|=0.0000 acc=0.5156 acc_avg=0.4455 time=47.65it/s
2022-10-20 20:17:40,418 epoch=5 global_step=2250 loss=1.3083 loss_avg=1.5085 lr=0.1000 |gn|=0.0000 acc=0.5312 acc_avg=0.4570 time=47.45it/s
2022-10-20 20:17:44,847 ====================Eval Epoch 5====================
2022-10-20 20:17:46,251 [33mVal Loss: 1.36[0m
2022-10-20 20:17:46,252 [33mVal Acc: 0.5208[0m
2022-10-20 20:17:47,141 state_dict saved at experiments\alex_cifar10\state_dict\state_dict.pt
2022-10-20 20:17:47,141 state_dict loaded from experiments\alex_cifar10\state_dict\state_dict.pt
2022-10-20 20:17:47,141 !!!!!!!!!!The best accuracy is 0!!!!!!!!!!
2022-10-20 20:17:47,141 ====================Training Epoch 6====================
2022-10-20 20:17:54,451 epoch=6 global_step=2500 loss=1.3264 loss_avg=1.4322 lr=0.1000 |gn|=0.0000 acc=0.5469 acc_avg=0.4928 time=45.45it/s
2022-10-20 20:18:05,904 ====================Eval Epoch 6====================
2022-10-20 20:18:07,492 [33mVal Loss: 1.32[0m
2022-10-20 20:18:07,492 [33mVal Acc: 0.5368[0m
2022-10-20 20:18:08,443 state_dict saved at experiments\alex_cifar10\state_dict\state_dict.pt
2022-10-20 20:18:08,444 state_dict loaded from experiments\alex_cifar10\state_dict\state_dict.pt
2022-10-20 20:18:08,444 !!!!!!!!!!The best accuracy is 0!!!!!!!!!!
2022-10-20 20:18:08,445 ====================Training Epoch 7====================
2022-10-20 20:18:09,237 epoch=7 global_step=2750 loss=1.3963 loss_avg=1.3564 lr=0.1000 |gn|=0.0000 acc=0.4844 acc_avg=0.5195 time=43.48it/s
2022-10-20 20:18:21,429 epoch=7 global_step=3000 loss=1.4995 loss_avg=1.3479 lr=0.1000 |gn|=0.0000 acc=0.4609 acc_avg=0.5234 time=47.62it/s
2022-10-20 20:18:27,427 ====================Eval Epoch 7====================
2022-10-20 20:18:28,874 [33mVal Loss: 1.23[0m
2022-10-20 20:18:28,874 [33mVal Acc: 0.5701[0m
2022-10-20 20:18:29,773 state_dict saved at experiments\alex_cifar10\state_dict\state_dict.pt
2022-10-20 20:18:29,773 state_dict loaded from experiments\alex_cifar10\state_dict\state_dict.pt
2022-10-20 20:18:29,773 !!!!!!!!!!The best accuracy is 0!!!!!!!!!!
2022-10-20 20:18:29,774 ====================Training Epoch 8====================
2022-10-20 20:18:35,600 epoch=8 global_step=3250 loss=1.3836 loss_avg=1.3545 lr=0.1000 |gn|=0.0000 acc=0.5391 acc_avg=0.5285 time=47.62it/s
2022-10-20 20:18:47,364 epoch=8 global_step=3500 loss=1.5048 loss_avg=1.3155 lr=0.1000 |gn|=0.0000 acc=0.5156 acc_avg=0.5418 time=47.62it/s
2022-10-20 20:18:48,205 ====================Eval Epoch 8====================
2022-10-20 20:18:49,593 [33mVal Loss: 1.26[0m
2022-10-20 20:18:49,593 [33mVal Acc: 0.5704[0m
2022-10-20 20:18:50,466 state_dict saved at experiments\alex_cifar10\state_dict\state_dict.pt
2022-10-20 20:18:50,467 state_dict loaded from experiments\alex_cifar10\state_dict\state_dict.pt
2022-10-20 20:18:50,467 !!!!!!!!!!The best accuracy is 0!!!!!!!!!!
2022-10-20 20:18:50,467 ====================Training Epoch 9====================
2022-10-20 20:19:01,473 epoch=9 global_step=3750 loss=1.3154 loss_avg=1.3028 lr=0.1000 |gn|=0.0000 acc=0.5391 acc_avg=0.5478 time=47.62it/s
2022-10-20 20:19:08,803 ====================Eval Epoch 9====================
2022-10-20 20:19:10,245 [33mVal Loss: 1.25[0m
2022-10-20 20:19:10,246 [33mVal Acc: 0.5783[0m
2022-10-20 20:19:11,227 state_dict saved at experiments\alex_cifar10\state_dict\state_dict.pt
2022-10-20 20:19:11,228 state_dict loaded from experiments\alex_cifar10\state_dict\state_dict.pt
2022-10-20 20:19:11,228 !!!!!!!!!!The best accuracy is 0!!!!!!!!!!
2022-10-20 20:19:11,228 ====================Training Epoch 10====================
2022-10-20 20:19:15,620 epoch=10 global_step=4000 loss=1.3402 loss_avg=1.2629 lr=0.1000 |gn|=0.0000 acc=0.5703 acc_avg=0.5607 time=47.60it/s
2022-10-20 20:19:27,311 epoch=10 global_step=4250 loss=1.2728 loss_avg=1.2505 lr=0.1000 |gn|=0.0000 acc=0.5625 acc_avg=0.5663 time=47.63it/s
2022-10-20 20:19:29,662 ====================Eval Epoch 10====================
2022-10-20 20:19:31,141 [33mVal Loss: 1.09[0m
2022-10-20 20:19:31,142 [33mVal Acc: 0.6183[0m
2022-10-20 20:19:32,063 state_dict saved at experiments\alex_cifar10\state_dict\state_dict.pt
2022-10-20 20:19:32,063 state_dict loaded from experiments\alex_cifar10\state_dict\state_dict.pt
2022-10-20 20:19:32,064 !!!!!!!!!!The best accuracy is 0!!!!!!!!!!
2022-10-20 20:19:32,064 ====================Training Epoch 11====================
2022-10-20 20:19:41,488 epoch=11 global_step=4500 loss=1.2596 loss_avg=1.2054 lr=0.1000 |gn|=0.0000 acc=0.5234 acc_avg=0.5838 time=47.62it/s
2022-10-20 20:19:50,516 ====================Eval Epoch 11====================
2022-10-20 20:19:52,021 [33mVal Loss: 1.14[0m
2022-10-20 20:19:52,022 [33mVal Acc: 0.6066[0m
2022-10-20 20:19:52,022 ====================Training Epoch 12====================
2022-10-20 20:19:54,843 epoch=12 global_step=4750 loss=1.1295 loss_avg=1.2055 lr=0.1000 |gn|=0.0000 acc=0.6016 acc_avg=0.5911 time=49.99it/s
2022-10-20 20:20:06,652 epoch=12 global_step=5000 loss=1.0179 loss_avg=1.1966 lr=0.1000 |gn|=0.0000 acc=0.6328 acc_avg=0.5922 time=45.57it/s
2022-10-20 20:20:10,651 ====================Eval Epoch 12====================
2022-10-20 20:20:12,111 [33mVal Loss: 1.12[0m
2022-10-20 20:20:12,111 [33mVal Acc: 0.6180[0m
2022-10-20 20:20:12,112 ====================Training Epoch 13====================
2022-10-20 20:20:20,215 epoch=13 global_step=5250 loss=1.1013 loss_avg=1.1438 lr=0.1000 |gn|=0.0000 acc=0.6328 acc_avg=0.6073 time=50.02it/s
2022-10-20 20:20:30,847 ====================Eval Epoch 13====================
2022-10-20 20:20:32,277 [33mVal Loss: 1.12[0m
2022-10-20 20:20:32,278 [33mVal Acc: 0.6187[0m
2022-10-20 20:20:33,162 state_dict saved at experiments\alex_cifar10\state_dict\state_dict.pt
2022-10-20 20:20:33,163 state_dict loaded from experiments\alex_cifar10\state_dict\state_dict.pt
2022-10-20 20:20:33,163 !!!!!!!!!!The best accuracy is 0!!!!!!!!!!
2022-10-20 20:20:33,163 ====================Training Epoch 14====================
2022-10-20 20:20:34,489 epoch=14 global_step=5500 loss=1.0369 loss_avg=1.1361 lr=0.1000 |gn|=0.0000 acc=0.6562 acc_avg=0.6198 time=47.63it/s
2022-10-20 20:20:46,155 epoch=14 global_step=5750 loss=1.0528 loss_avg=1.1413 lr=0.1000 |gn|=0.0000 acc=0.5703 acc_avg=0.6110 time=47.80it/s
2022-10-20 20:20:51,426 ====================Eval Epoch 14====================
2022-10-20 20:20:52,871 [33mVal Loss: 1.04[0m
2022-10-20 20:20:52,872 [33mVal Acc: 0.6444[0m
2022-10-20 20:20:53,748 state_dict saved at experiments\alex_cifar10\state_dict\state_dict.pt
2022-10-20 20:20:53,749 state_dict loaded from experiments\alex_cifar10\state_dict\state_dict.pt
2022-10-20 20:20:53,749 !!!!!!!!!!The best accuracy is 0!!!!!!!!!!
2022-10-20 20:20:53,749 ====================Training Epoch 15====================
2022-10-20 20:21:00,168 epoch=15 global_step=6000 loss=1.2249 loss_avg=1.0988 lr=0.1000 |gn|=0.0000 acc=0.5703 acc_avg=0.6267 time=49.98it/s
2022-10-20 20:21:11,727 epoch=15 global_step=6250 loss=1.0165 loss_avg=1.1034 lr=0.1000 |gn|=0.0000 acc=0.6484 acc_avg=0.6272 time=47.62it/s
2022-10-20 20:21:11,960 ====================Eval Epoch 15====================
2022-10-20 20:21:13,387 [33mVal Loss: 1.01[0m
2022-10-20 20:21:13,387 [33mVal Acc: 0.6494[0m
2022-10-20 20:21:14,251 state_dict saved at experiments\alex_cifar10\state_dict\state_dict.pt
2022-10-20 20:21:14,251 state_dict loaded from experiments\alex_cifar10\state_dict\state_dict.pt
2022-10-20 20:21:14,251 !!!!!!!!!!The best accuracy is 0!!!!!!!!!!
2022-10-20 20:21:14,252 ====================Training Epoch 16====================
2022-10-20 20:21:25,688 epoch=16 global_step=6500 loss=0.8931 loss_avg=1.0781 lr=0.1000 |gn|=0.0000 acc=0.7109 acc_avg=0.6400 time=47.62it/s
2022-10-20 20:21:32,447 ====================Eval Epoch 16====================
2022-10-20 20:21:33,977 [33mVal Loss: 1.00[0m
2022-10-20 20:21:33,977 [33mVal Acc: 0.6545[0m
2022-10-20 20:21:34,878 state_dict saved at experiments\alex_cifar10\state_dict\state_dict.pt
2022-10-20 20:21:34,878 state_dict loaded from experiments\alex_cifar10\state_dict\state_dict.pt
2022-10-20 20:21:34,878 !!!!!!!!!!The best accuracy is 0!!!!!!!!!!
2022-10-20 20:21:34,878 ====================Training Epoch 17====================
2022-10-20 20:21:40,059 epoch=17 global_step=6750 loss=1.1372 loss_avg=1.0996 lr=0.1000 |gn|=0.0000 acc=0.6094 acc_avg=0.6338 time=47.62it/s
2022-10-20 20:21:52,000 epoch=17 global_step=7000 loss=0.9412 loss_avg=1.0898 lr=0.1000 |gn|=0.0000 acc=0.6797 acc_avg=0.6330 time=47.62it/s
2022-10-20 20:21:53,785 ====================Eval Epoch 17====================
2022-10-20 20:21:55,294 [33mVal Loss: 0.97[0m
2022-10-20 20:21:55,294 [33mVal Acc: 0.6654[0m
2022-10-20 20:21:56,164 state_dict saved at experiments\alex_cifar10\state_dict\state_dict.pt
2022-10-20 20:21:56,164 state_dict loaded from experiments\alex_cifar10\state_dict\state_dict.pt
2022-10-20 20:21:56,165 !!!!!!!!!!The best accuracy is 0!!!!!!!!!!
2022-10-20 20:21:56,165 ====================Training Epoch 18====================
2022-10-20 20:22:06,466 epoch=18 global_step=7250 loss=0.8823 loss_avg=1.0474 lr=0.1000 |gn|=0.0000 acc=0.7109 acc_avg=0.6496 time=45.44it/s
2022-10-20 20:22:15,103 ====================Eval Epoch 18====================
2022-10-20 20:22:16,625 [33mVal Loss: 1.00[0m
2022-10-20 20:22:16,625 [33mVal Acc: 0.6674[0m
2022-10-20 20:22:17,541 state_dict saved at experiments\alex_cifar10\state_dict\state_dict.pt
2022-10-20 20:22:17,541 state_dict loaded from experiments\alex_cifar10\state_dict\state_dict.pt
2022-10-20 20:22:17,542 !!!!!!!!!!The best accuracy is 0!!!!!!!!!!
2022-10-20 20:22:17,542 ====================Training Epoch 19====================
2022-10-20 20:22:20,958 epoch=19 global_step=7500 loss=0.8661 loss_avg=1.0353 lr=0.1000 |gn|=0.0000 acc=0.6953 acc_avg=0.6495 time=47.62it/s
2022-10-20 20:22:32,528 epoch=19 global_step=7750 loss=1.0382 loss_avg=1.0425 lr=0.1000 |gn|=0.0000 acc=0.6719 acc_avg=0.6483 time=45.09it/s
2022-10-20 20:22:35,721 ====================Eval Epoch 19====================
2022-10-20 20:22:37,137 [33mVal Loss: 0.99[0m
2022-10-20 20:22:37,138 [33mVal Acc: 0.6734[0m
2022-10-20 20:22:37,998 state_dict saved at experiments\alex_cifar10\state_dict\state_dict.pt
2022-10-20 20:22:37,998 state_dict loaded from experiments\alex_cifar10\state_dict\state_dict.pt
2022-10-20 20:22:37,998 !!!!!!!!!!The best accuracy is 0!!!!!!!!!!
2022-10-20 20:22:37,999 ====================Training Epoch 20====================
2022-10-20 20:22:46,464 epoch=20 global_step=8000 loss=1.0562 loss_avg=1.0364 lr=0.1000 |gn|=0.0000 acc=0.5938 acc_avg=0.6519 time=47.63it/s
2022-10-20 20:22:56,154 ====================Eval Epoch 20====================
2022-10-20 20:22:57,602 [33mVal Loss: 0.92[0m
2022-10-20 20:22:57,602 [33mVal Acc: 0.6787[0m
2022-10-20 20:22:58,462 state_dict saved at experiments\alex_cifar10\state_dict\state_dict.pt
2022-10-20 20:22:58,463 state_dict loaded from experiments\alex_cifar10\state_dict\state_dict.pt
2022-10-20 20:22:58,463 !!!!!!!!!!The best accuracy is 0!!!!!!!!!!
2022-10-20 20:22:58,463 ====================Training Epoch 21====================
2022-10-20 20:23:00,399 epoch=21 global_step=8250 loss=0.8315 loss_avg=1.0491 lr=0.1000 |gn|=0.0000 acc=0.7266 acc_avg=0.6514 time=47.62it/s
2022-10-20 20:23:11,943 epoch=21 global_step=8500 loss=1.1814 loss_avg=1.0308 lr=0.1000 |gn|=0.0000 acc=0.6172 acc_avg=0.6523 time=47.63it/s
2022-10-20 20:23:16,638 ====================Eval Epoch 21====================
2022-10-20 20:23:18,076 [33mVal Loss: 0.95[0m
2022-10-20 20:23:18,077 [33mVal Acc: 0.6791[0m
2022-10-20 20:23:18,974 state_dict saved at experiments\alex_cifar10\state_dict\state_dict.pt
2022-10-20 20:23:18,974 state_dict loaded from experiments\alex_cifar10\state_dict\state_dict.pt
2022-10-20 20:23:18,974 !!!!!!!!!!The best accuracy is 0!!!!!!!!!!
2022-10-20 20:23:18,975 ====================Training Epoch 22====================
2022-10-20 20:23:25,964 epoch=22 global_step=8750 loss=1.0736 loss_avg=1.0167 lr=0.1000 |gn|=0.0000 acc=0.6016 acc_avg=0.6591 time=47.63it/s
2022-10-20 20:23:37,128 ====================Eval Epoch 22====================
2022-10-20 20:23:38,581 [33mVal Loss: 0.89[0m
2022-10-20 20:23:38,582 [33mVal Acc: 0.7030[0m
2022-10-20 20:23:39,455 state_dict saved at experiments\alex_cifar10\state_dict\state_dict.pt
2022-10-20 20:23:39,455 state_dict loaded from experiments\alex_cifar10\state_dict\state_dict.pt
2022-10-20 20:23:39,456 !!!!!!!!!!The best accuracy is 0!!!!!!!!!!
2022-10-20 20:23:39,456 ====================Training Epoch 23====================
2022-10-20 20:23:39,926 epoch=23 global_step=9000 loss=0.8976 loss_avg=0.8739 lr=0.1000 |gn|=0.0000 acc=0.7188 acc_avg=0.7031 time=38.57it/s
2022-10-20 20:23:51,528 epoch=23 global_step=9250 loss=1.0076 loss_avg=0.9993 lr=0.1000 |gn|=0.0000 acc=0.6562 acc_avg=0.6671 time=47.63it/s
2022-10-20 20:23:57,683 ====================Eval Epoch 23====================
2022-10-20 20:23:59,122 [33mVal Loss: 0.89[0m
2022-10-20 20:23:59,123 [33mVal Acc: 0.7062[0m
2022-10-20 20:23:59,990 state_dict saved at experiments\alex_cifar10\state_dict\state_dict.pt
2022-10-20 20:23:59,991 state_dict loaded from experiments\alex_cifar10\state_dict\state_dict.pt
2022-10-20 20:23:59,991 !!!!!!!!!!The best accuracy is 0!!!!!!!!!!
2022-10-20 20:23:59,991 ====================Training Epoch 24====================
2022-10-20 20:24:05,463 epoch=24 global_step=9500 loss=0.9795 loss_avg=0.9727 lr=0.1000 |gn|=0.0000 acc=0.6406 acc_avg=0.6763 time=47.60it/s
2022-10-20 20:24:17,446 epoch=24 global_step=9750 loss=0.8132 loss_avg=1.0013 lr=0.1000 |gn|=0.0000 acc=0.7500 acc_avg=0.6651 time=47.64it/s
2022-10-20 20:24:18,579 ====================Eval Epoch 24====================
2022-10-20 20:24:20,013 [33mVal Loss: 0.91[0m
2022-10-20 20:24:20,013 [33mVal Acc: 0.6926[0m
2022-10-20 20:24:20,014 ====================Training Epoch 25====================
2022-10-20 20:24:30,442 epoch=25 global_step=10000 loss=1.0752 loss_avg=0.9863 lr=0.1000 |gn|=0.0000 acc=0.6328 acc_avg=0.6668 time=47.60it/s
2022-10-20 20:24:38,104 ====================Eval Epoch 25====================
2022-10-20 20:24:39,557 [33mVal Loss: 0.90[0m
2022-10-20 20:24:39,558 [33mVal Acc: 0.6909[0m
2022-10-20 20:24:39,559 ====================Training Epoch 26====================
2022-10-20 20:24:43,502 epoch=26 global_step=10250 loss=1.0186 loss_avg=0.9759 lr=0.1000 |gn|=0.0000 acc=0.6172 acc_avg=0.6684 time=47.62it/s
2022-10-20 20:24:55,060 epoch=26 global_step=10500 loss=0.9994 loss_avg=0.9770 lr=0.1000 |gn|=0.0000 acc=0.6641 acc_avg=0.6727 time=47.63it/s
2022-10-20 20:24:57,697 ====================Eval Epoch 26====================
2022-10-20 20:24:59,129 [33mVal Loss: 0.92[0m
2022-10-20 20:24:59,130 [33mVal Acc: 0.6948[0m
2022-10-20 20:24:59,130 ====================Training Epoch 27====================
2022-10-20 20:25:08,787 epoch=27 global_step=10750 loss=1.0302 loss_avg=0.9932 lr=0.1000 |gn|=0.0000 acc=0.6406 acc_avg=0.6680 time=45.46it/s
2022-10-20 20:25:18,496 ====================Eval Epoch 27====================
2022-10-20 20:25:19,975 [33mVal Loss: 0.90[0m
2022-10-20 20:25:19,975 [33mVal Acc: 0.7010[0m
2022-10-20 20:25:19,976 ====================Training Epoch 28====================
2022-10-20 20:25:22,540 epoch=28 global_step=11000 loss=0.8960 loss_avg=0.9622 lr=0.1000 |gn|=0.0000 acc=0.7422 acc_avg=0.6782 time=47.62it/s
2022-10-20 20:25:34,684 epoch=28 global_step=11250 loss=0.8799 loss_avg=0.9548 lr=0.1000 |gn|=0.0000 acc=0.7031 acc_avg=0.6788 time=50.00it/s
2022-10-20 20:25:38,816 ====================Eval Epoch 28====================
2022-10-20 20:25:40,308 [33mVal Loss: 0.93[0m
2022-10-20 20:25:40,309 [33mVal Acc: 0.6854[0m
2022-10-20 20:25:40,309 ====================Training Epoch 29====================
2022-10-20 20:25:48,176 epoch=29 global_step=11500 loss=1.0821 loss_avg=0.9498 lr=0.1000 |gn|=0.0000 acc=0.6172 acc_avg=0.6807 time=47.62it/s
2022-10-20 20:25:58,905 ====================Eval Epoch 29====================
2022-10-20 20:26:00,355 [33mVal Loss: 0.89[0m
2022-10-20 20:26:00,356 [33mVal Acc: 0.7064[0m
2022-10-20 20:26:01,207 state_dict saved at experiments\alex_cifar10\state_dict\state_dict.pt
2022-10-20 20:26:01,207 state_dict loaded from experiments\alex_cifar10\state_dict\state_dict.pt
2022-10-20 20:26:01,207 !!!!!!!!!!The best accuracy is 0!!!!!!!!!!
2022-10-20 20:26:01,207 ====================Training Epoch 30====================
2022-10-20 20:26:02,270 epoch=30 global_step=11750 loss=0.8315 loss_avg=0.9026 lr=0.1000 |gn|=0.0000 acc=0.7031 acc_avg=0.6994 time=45.45it/s
2022-10-20 20:26:13,902 epoch=30 global_step=12000 loss=1.0359 loss_avg=0.9800 lr=0.1000 |gn|=0.0000 acc=0.6719 acc_avg=0.6706 time=47.62it/s
2022-10-20 20:26:19,537 ====================Eval Epoch 30====================
2022-10-20 20:26:20,958 [33mVal Loss: 0.90[0m
2022-10-20 20:26:20,958 [33mVal Acc: 0.6998[0m
2022-10-20 20:26:20,959 ====================Training Epoch 31====================
2022-10-20 20:26:26,975 epoch=31 global_step=12250 loss=0.8106 loss_avg=0.9301 lr=0.1000 |gn|=0.0000 acc=0.7266 acc_avg=0.6879 time=47.61it/s
2022-10-20 20:26:38,481 epoch=31 global_step=12500 loss=1.1236 loss_avg=0.9566 lr=0.1000 |gn|=0.0000 acc=0.6328 acc_avg=0.6799 time=50.00it/s
2022-10-20 20:26:38,997 ====================Eval Epoch 31====================
2022-10-20 20:26:40,407 [33mVal Loss: 0.93[0m
2022-10-20 20:26:40,407 [33mVal Acc: 0.6935[0m
2022-10-20 20:26:40,408 ====================Training Epoch 32====================
2022-10-20 20:26:51,398 epoch=32 global_step=12750 loss=1.0486 loss_avg=0.9273 lr=0.1000 |gn|=0.0000 acc=0.6484 acc_avg=0.6886 time=47.62it/s
2022-10-20 20:26:58,441 ====================Eval Epoch 32====================
2022-10-20 20:26:59,884 [33mVal Loss: 0.86[0m
2022-10-20 20:26:59,885 [33mVal Acc: 0.7082[0m
2022-10-20 20:27:00,749 state_dict saved at experiments\alex_cifar10\state_dict\state_dict.pt
2022-10-20 20:27:00,750 state_dict loaded from experiments\alex_cifar10\state_dict\state_dict.pt
2022-10-20 20:27:00,750 !!!!!!!!!!The best accuracy is 0!!!!!!!!!!
2022-10-20 20:27:00,750 ====================Training Epoch 33====================
2022-10-20 20:27:05,394 epoch=33 global_step=13000 loss=1.0692 loss_avg=0.9374 lr=0.1000 |gn|=0.0000 acc=0.6328 acc_avg=0.6901 time=47.62it/s
2022-10-20 20:27:16,976 epoch=33 global_step=13250 loss=0.9712 loss_avg=0.9539 lr=0.1000 |gn|=0.0000 acc=0.6875 acc_avg=0.6825 time=47.62it/s
2022-10-20 20:27:19,012 ====================Eval Epoch 33====================
2022-10-20 20:27:20,502 [33mVal Loss: 0.91[0m
2022-10-20 20:27:20,503 [33mVal Acc: 0.6906[0m
2022-10-20 20:27:20,503 ====================Training Epoch 34====================
2022-10-20 20:27:30,167 epoch=34 global_step=13500 loss=0.8220 loss_avg=0.9202 lr=0.1000 |gn|=0.0000 acc=0.6797 acc_avg=0.6910 time=47.62it/s
2022-10-20 20:27:38,746 ====================Eval Epoch 34====================
2022-10-20 20:27:40,215 [33mVal Loss: 0.93[0m
2022-10-20 20:27:40,215 [33mVal Acc: 0.6907[0m
2022-10-20 20:27:40,216 ====================Training Epoch 35====================
2022-10-20 20:27:43,333 epoch=35 global_step=13750 loss=0.7301 loss_avg=0.9089 lr=0.1000 |gn|=0.0000 acc=0.6875 acc_avg=0.6973 time=50.00it/s
2022-10-20 20:27:55,293 epoch=35 global_step=14000 loss=1.0341 loss_avg=0.9392 lr=0.1000 |gn|=0.0000 acc=0.6484 acc_avg=0.6847 time=50.01it/s
2022-10-20 20:27:58,898 ====================Eval Epoch 35====================
2022-10-20 20:28:00,357 [33mVal Loss: 0.91[0m
2022-10-20 20:28:00,358 [33mVal Acc: 0.6968[0m
2022-10-20 20:28:00,359 ====================Training Epoch 36====================
2022-10-20 20:28:08,721 epoch=36 global_step=14250 loss=0.9931 loss_avg=0.9375 lr=0.1000 |gn|=0.0000 acc=0.6484 acc_avg=0.6887 time=45.45it/s
2022-10-20 20:28:19,299 ====================Eval Epoch 36====================
2022-10-20 20:28:20,929 [33mVal Loss: 0.83[0m
2022-10-20 20:28:20,929 [33mVal Acc: 0.7280[0m
2022-10-20 20:28:21,864 state_dict saved at experiments\alex_cifar10\state_dict\state_dict.pt
2022-10-20 20:28:21,864 state_dict loaded from experiments\alex_cifar10\state_dict\state_dict.pt
2022-10-20 20:28:21,864 !!!!!!!!!!The best accuracy is 0!!!!!!!!!!
2022-10-20 20:28:21,864 ====================Training Epoch 37====================
2022-10-20 20:28:23,733 epoch=37 global_step=14500 loss=0.8229 loss_avg=0.9010 lr=0.1000 |gn|=0.0000 acc=0.6719 acc_avg=0.6985 time=47.62it/s
2022-10-20 20:28:36,543 epoch=37 global_step=14750 loss=0.9601 loss_avg=0.9288 lr=0.1000 |gn|=0.0000 acc=0.7188 acc_avg=0.6888 time=45.46it/s
2022-10-20 20:28:41,862 ====================Eval Epoch 37====================
2022-10-20 20:28:43,392 [33mVal Loss: 0.85[0m
2022-10-20 20:28:43,393 [33mVal Acc: 0.7021[0m
2022-10-20 20:28:43,394 ====================Training Epoch 38====================
2022-10-20 20:28:50,449 epoch=38 global_step=15000 loss=1.1117 loss_avg=0.9087 lr=0.1000 |gn|=0.0000 acc=0.5859 acc_avg=0.6954 time=45.47it/s
2022-10-20 20:29:02,638 ====================Eval Epoch 38====================
2022-10-20 20:29:04,133 [33mVal Loss: 0.89[0m
2022-10-20 20:29:04,134 [33mVal Acc: 0.6968[0m
2022-10-20 20:29:04,134 ====================Training Epoch 39====================
2022-10-20 20:29:04,229 epoch=39 global_step=15250 loss=0.9701 loss_avg=0.9874 lr=0.1000 |gn|=0.0000 acc=0.6719 acc_avg=0.6641 time=47.62it/s
2022-10-20 20:29:16,498 epoch=39 global_step=15500 loss=0.7653 loss_avg=0.9170 lr=0.1000 |gn|=0.0000 acc=0.7578 acc_avg=0.6955 time=47.62it/s
2022-10-20 20:29:23,343 ====================Eval Epoch 39====================
2022-10-20 20:29:24,895 [33mVal Loss: 0.97[0m
2022-10-20 20:29:24,896 [33mVal Acc: 0.6867[0m
2022-10-20 20:29:24,896 ====================Training Epoch 40====================
2022-10-20 20:29:30,450 epoch=40 global_step=15750 loss=0.9561 loss_avg=0.9292 lr=0.1000 |gn|=0.0000 acc=0.7031 acc_avg=0.6851 time=45.45it/s
2022-10-20 20:29:42,445 epoch=40 global_step=16000 loss=0.9219 loss_avg=0.9200 lr=0.1000 |gn|=0.0000 acc=0.6953 acc_avg=0.6914 time=45.45it/s
2022-10-20 20:29:43,878 ====================Eval Epoch 40====================
2022-10-20 20:29:45,353 [33mVal Loss: 0.96[0m
2022-10-20 20:29:45,353 [33mVal Acc: 0.6856[0m
2022-10-20 20:29:45,354 ====================Training Epoch 41====================
2022-10-20 20:29:55,840 epoch=41 global_step=16250 loss=0.8101 loss_avg=0.8993 lr=0.1000 |gn|=0.0000 acc=0.7188 acc_avg=0.6993 time=47.63it/s
2022-10-20 20:30:03,965 ====================Eval Epoch 41====================
2022-10-20 20:30:05,463 [33mVal Loss: 0.91[0m
2022-10-20 20:30:05,464 [33mVal Acc: 0.6844[0m
2022-10-20 20:30:05,464 ====================Training Epoch 42====================
2022-10-20 20:30:09,311 epoch=42 global_step=16500 loss=0.8510 loss_avg=0.9179 lr=0.1000 |gn|=0.0000 acc=0.7109 acc_avg=0.6912 time=43.47it/s
2022-10-20 20:30:21,043 epoch=42 global_step=16750 loss=0.9314 loss_avg=0.9183 lr=0.1000 |gn|=0.0000 acc=0.7109 acc_avg=0.6937 time=47.62it/s
2022-10-20 20:30:23,958 ====================Eval Epoch 42====================
2022-10-20 20:30:25,394 [33mVal Loss: 0.87[0m
2022-10-20 20:30:25,394 [33mVal Acc: 0.7058[0m
2022-10-20 20:30:25,395 ====================Training Epoch 43====================
2022-10-20 20:30:34,702 epoch=43 global_step=17000 loss=1.0018 loss_avg=0.9284 lr=0.1000 |gn|=0.0000 acc=0.6875 acc_avg=0.6887 time=47.63it/s
2022-10-20 20:30:45,354 ====================Eval Epoch 43====================
2022-10-20 20:30:47,083 [33mVal Loss: 0.84[0m
2022-10-20 20:30:47,084 [33mVal Acc: 0.7258[0m
2022-10-20 20:30:47,084 ====================Training Epoch 44====================
2022-10-20 20:30:49,600 epoch=44 global_step=17250 loss=0.8071 loss_avg=0.9011 lr=0.1000 |gn|=0.0000 acc=0.7344 acc_avg=0.6980 time=47.61it/s
2022-10-20 20:31:02,580 epoch=44 global_step=17500 loss=0.9120 loss_avg=0.9123 lr=0.1000 |gn|=0.0000 acc=0.6875 acc_avg=0.6970 time=45.45it/s
2022-10-20 20:31:07,264 ====================Eval Epoch 44====================
2022-10-20 20:31:08,818 [33mVal Loss: 0.98[0m
2022-10-20 20:31:08,819 [33mVal Acc: 0.6766[0m
2022-10-20 20:31:08,819 ====================Training Epoch 45====================
2022-10-20 20:31:16,675 epoch=45 global_step=17750 loss=0.9002 loss_avg=0.9183 lr=0.1000 |gn|=0.0000 acc=0.6875 acc_avg=0.6938 time=47.64it/s
2022-10-20 20:31:27,750 ====================Eval Epoch 45====================
2022-10-20 20:31:29,266 [33mVal Loss: 0.84[0m
2022-10-20 20:31:29,267 [33mVal Acc: 0.7213[0m
2022-10-20 20:31:29,267 ====================Training Epoch 46====================
2022-10-20 20:31:30,028 epoch=46 global_step=18000 loss=0.9681 loss_avg=0.8397 lr=0.1000 |gn|=0.0000 acc=0.6328 acc_avg=0.7109 time=47.63it/s
2022-10-20 20:31:41,801 epoch=46 global_step=18250 loss=0.8806 loss_avg=0.9274 lr=0.1000 |gn|=0.0000 acc=0.7344 acc_avg=0.6899 time=47.62it/s
2022-10-20 20:31:47,841 ====================Eval Epoch 46====================
2022-10-20 20:31:49,251 [33mVal Loss: 0.83[0m
2022-10-20 20:31:49,251 [33mVal Acc: 0.7238[0m
2022-10-20 20:31:49,252 ====================Training Epoch 47====================
2022-10-20 20:31:54,982 epoch=47 global_step=18500 loss=0.7618 loss_avg=0.9145 lr=0.1000 |gn|=0.0000 acc=0.7734 acc_avg=0.6931 time=50.00it/s
2022-10-20 20:32:06,507 epoch=47 global_step=18750 loss=0.9858 loss_avg=0.9258 lr=0.1000 |gn|=0.0000 acc=0.6875 acc_avg=0.6898 time=47.61it/s
2022-10-20 20:32:07,283 ====================Eval Epoch 47====================
2022-10-20 20:32:08,704 [33mVal Loss: 1.00[0m
2022-10-20 20:32:08,705 [33mVal Acc: 0.6671[0m
2022-10-20 20:32:08,706 ====================Training Epoch 48====================
2022-10-20 20:32:19,433 epoch=48 global_step=19000 loss=0.6746 loss_avg=0.8996 lr=0.1000 |gn|=0.0000 acc=0.7656 acc_avg=0.6958 time=47.62it/s
2022-10-20 20:32:26,742 ====================Eval Epoch 48====================
2022-10-20 20:32:28,140 [33mVal Loss: 0.86[0m
2022-10-20 20:32:28,141 [33mVal Acc: 0.7134[0m
2022-10-20 20:32:28,141 ====================Training Epoch 49====================
2022-10-20 20:32:32,384 epoch=49 global_step=19250 loss=0.7273 loss_avg=0.8819 lr=0.1000 |gn|=0.0000 acc=0.7266 acc_avg=0.7069 time=47.62it/s
2022-10-20 20:32:43,924 epoch=49 global_step=19500 loss=0.8246 loss_avg=0.8982 lr=0.1000 |gn|=0.0000 acc=0.7109 acc_avg=0.6997 time=47.63it/s
2022-10-20 20:32:46,166 ====================Eval Epoch 49====================
2022-10-20 20:32:47,596 [33mVal Loss: 0.88[0m
2022-10-20 20:32:47,596 [33mVal Acc: 0.7000[0m
2022-10-20 20:32:47,597 ====================Training Epoch 50====================
2022-10-20 20:32:57,077 epoch=50 global_step=19750 loss=0.8642 loss_avg=0.9143 lr=0.1000 |gn|=0.0000 acc=0.6406 acc_avg=0.6926 time=47.62it/s
2022-10-20 20:33:06,032 ====================Eval Epoch 50====================
2022-10-20 20:33:07,452 [33mVal Loss: 0.92[0m
2022-10-20 20:33:07,453 [33mVal Acc: 0.6843[0m
2022-10-20 20:33:07,453 ====================Training Epoch 51====================
2022-10-20 20:33:10,426 epoch=51 global_step=20000 loss=0.9696 loss_avg=0.9088 lr=0.1000 |gn|=0.0000 acc=0.6562 acc_avg=0.6980 time=43.48it/s
2022-10-20 20:33:23,017 epoch=51 global_step=20250 loss=0.8152 loss_avg=0.9149 lr=0.1000 |gn|=0.0000 acc=0.7109 acc_avg=0.6963 time=50.00it/s
2022-10-20 20:33:27,031 ====================Eval Epoch 51====================
2022-10-20 20:33:28,552 [33mVal Loss: 0.81[0m
2022-10-20 20:33:28,552 [33mVal Acc: 0.7272[0m
2022-10-20 20:33:28,553 ====================Training Epoch 52====================
2022-10-20 20:33:36,556 epoch=52 global_step=20500 loss=1.0842 loss_avg=0.8856 lr=0.1000 |gn|=0.0000 acc=0.6250 acc_avg=0.7043 time=47.62it/s
2022-10-20 20:33:47,338 ====================Eval Epoch 52====================
2022-10-20 20:33:48,826 [33mVal Loss: 0.85[0m
2022-10-20 20:33:48,827 [33mVal Acc: 0.7136[0m
2022-10-20 20:33:48,828 ====================Training Epoch 53====================
2022-10-20 20:33:50,182 epoch=53 global_step=20750 loss=1.0039 loss_avg=0.8888 lr=0.1000 |gn|=0.0000 acc=0.6328 acc_avg=0.6984 time=45.46it/s
2022-10-20 20:34:02,276 epoch=53 global_step=21000 loss=0.7919 loss_avg=0.8864 lr=0.1000 |gn|=0.0000 acc=0.7422 acc_avg=0.7037 time=47.63it/s
2022-10-20 20:34:07,898 ====================Eval Epoch 53====================
2022-10-20 20:34:09,401 [33mVal Loss: 0.88[0m
2022-10-20 20:34:09,402 [33mVal Acc: 0.7141[0m
2022-10-20 20:34:09,402 ====================Training Epoch 54====================
2022-10-20 20:34:16,202 epoch=54 global_step=21250 loss=0.9353 loss_avg=0.8682 lr=0.1000 |gn|=0.0000 acc=0.6797 acc_avg=0.7095 time=45.45it/s
2022-10-20 20:34:28,409 epoch=54 global_step=21500 loss=0.9358 loss_avg=0.8862 lr=0.1000 |gn|=0.0000 acc=0.6641 acc_avg=0.7044 time=43.47it/s
2022-10-20 20:34:28,603 ====================Eval Epoch 54====================
2022-10-20 20:34:30,139 [33mVal Loss: 0.84[0m
2022-10-20 20:34:30,140 [33mVal Acc: 0.7151[0m
2022-10-20 20:34:30,141 ====================Training Epoch 55====================
2022-10-20 20:34:42,269 epoch=55 global_step=21750 loss=0.9392 loss_avg=0.8907 lr=0.1000 |gn|=0.0000 acc=0.6953 acc_avg=0.7014 time=45.45it/s
2022-10-20 20:34:49,367 ====================Eval Epoch 55====================
2022-10-20 20:34:50,880 [33mVal Loss: 0.87[0m
2022-10-20 20:34:50,881 [33mVal Acc: 0.7033[0m
2022-10-20 20:34:50,881 ====================Training Epoch 56====================
2022-10-20 20:34:55,990 epoch=56 global_step=22000 loss=0.8599 loss_avg=0.8868 lr=0.1000 |gn|=0.0000 acc=0.7188 acc_avg=0.7032 time=47.63it/s
2022-10-20 20:35:08,235 epoch=56 global_step=22250 loss=0.9568 loss_avg=0.8896 lr=0.1000 |gn|=0.0000 acc=0.6797 acc_avg=0.7031 time=47.63it/s
2022-10-20 20:35:09,921 ====================Eval Epoch 56====================
2022-10-20 20:35:11,361 [33mVal Loss: 0.89[0m
2022-10-20 20:35:11,362 [33mVal Acc: 0.6972[0m
2022-10-20 20:35:11,362 ====================Training Epoch 57====================
2022-10-20 20:35:21,501 epoch=57 global_step=22500 loss=0.8021 loss_avg=0.9091 lr=0.1000 |gn|=0.0000 acc=0.7656 acc_avg=0.6954 time=45.61it/s
2022-10-20 20:35:29,830 ====================Eval Epoch 57====================
2022-10-20 20:35:31,366 [33mVal Loss: 0.91[0m
2022-10-20 20:35:31,367 [33mVal Acc: 0.6909[0m
2022-10-20 20:35:31,368 ====================Training Epoch 58====================
2022-10-20 20:35:34,966 epoch=58 global_step=22750 loss=0.7070 loss_avg=0.8815 lr=0.1000 |gn|=0.0000 acc=0.7344 acc_avg=0.7085 time=47.62it/s
2022-10-20 20:35:46,768 epoch=58 global_step=23000 loss=0.8968 loss_avg=0.8771 lr=0.1000 |gn|=0.0000 acc=0.7031 acc_avg=0.7084 time=45.46it/s
2022-10-20 20:35:49,957 ====================Eval Epoch 58====================
2022-10-20 20:35:51,402 [33mVal Loss: 0.82[0m
2022-10-20 20:35:51,403 [33mVal Acc: 0.7236[0m
2022-10-20 20:35:51,403 ====================Training Epoch 59====================
2022-10-20 20:35:59,901 epoch=59 global_step=23250 loss=0.8229 loss_avg=0.8950 lr=0.1000 |gn|=0.0000 acc=0.6953 acc_avg=0.7030 time=47.62it/s
2022-10-20 20:36:10,075 ====================Eval Epoch 59====================
2022-10-20 20:36:11,585 [33mVal Loss: 0.81[0m
2022-10-20 20:36:11,585 [33mVal Acc: 0.7265[0m
2022-10-20 20:36:11,586 ====================Training Epoch 60====================
2022-10-20 20:36:13,606 epoch=60 global_step=23500 loss=0.8928 loss_avg=0.8570 lr=0.1000 |gn|=0.0000 acc=0.7422 acc_avg=0.7125 time=43.49it/s
2022-10-20 20:36:25,927 epoch=60 global_step=23750 loss=1.0153 loss_avg=0.8692 lr=0.1000 |gn|=0.0000 acc=0.6562 acc_avg=0.7092 time=41.68it/s
2022-10-20 20:36:31,198 ====================Eval Epoch 60====================
2022-10-20 20:36:32,804 [33mVal Loss: 0.92[0m
2022-10-20 20:36:32,804 [33mVal Acc: 0.6901[0m
2022-10-20 20:36:32,805 ====================Training Epoch 61====================
2022-10-20 20:36:40,436 epoch=61 global_step=24000 loss=0.8132 loss_avg=0.8706 lr=0.1000 |gn|=0.0000 acc=0.7500 acc_avg=0.7115 time=43.49it/s
2022-10-20 20:36:52,663 ====================Eval Epoch 61====================
2022-10-20 20:36:54,188 [33mVal Loss: 0.83[0m
2022-10-20 20:36:54,188 [33mVal Acc: 0.7195[0m
2022-10-20 20:36:54,189 ====================Training Epoch 62====================
2022-10-20 20:36:54,659 epoch=62 global_step=24250 loss=0.9532 loss_avg=0.9730 lr=0.1000 |gn|=0.0000 acc=0.6953 acc_avg=0.6840 time=45.46it/s
2022-10-20 20:37:07,262 epoch=62 global_step=24500 loss=0.8906 loss_avg=0.9024 lr=0.1000 |gn|=0.0000 acc=0.6875 acc_avg=0.7015 time=43.49it/s
2022-10-20 20:37:13,831 ====================Eval Epoch 62====================
2022-10-20 20:37:15,413 [33mVal Loss: 0.81[0m
2022-10-20 20:37:15,414 [33mVal Acc: 0.7317[0m
2022-10-20 20:37:16,372 state_dict saved at experiments\alex_cifar10\state_dict\state_dict.pt
2022-10-20 20:37:16,372 state_dict loaded from experiments\alex_cifar10\state_dict\state_dict.pt
2022-10-20 20:37:16,373 !!!!!!!!!!The best accuracy is 0!!!!!!!!!!
2022-10-20 20:37:16,373 ====================Training Epoch 63====================
2022-10-20 20:37:22,448 epoch=63 global_step=24750 loss=0.8872 loss_avg=0.8609 lr=0.1000 |gn|=0.0000 acc=0.6562 acc_avg=0.7130 time=43.48it/s
2022-10-20 20:37:34,838 epoch=63 global_step=25000 loss=0.8810 loss_avg=0.8820 lr=0.1000 |gn|=0.0000 acc=0.6953 acc_avg=0.7040 time=45.45it/s
2022-10-20 20:37:35,945 ====================Eval Epoch 63====================
2022-10-20 20:37:37,596 [33mVal Loss: 0.86[0m
2022-10-20 20:37:37,596 [33mVal Acc: 0.7091[0m
2022-10-20 20:37:37,597 ====================Training Epoch 64====================
2022-10-20 20:37:49,402 epoch=64 global_step=25250 loss=0.9216 loss_avg=0.8803 lr=0.1000 |gn|=0.0000 acc=0.6641 acc_avg=0.7080 time=43.47it/s
2022-10-20 20:37:57,952 ====================Eval Epoch 64====================
2022-10-20 20:37:59,513 [33mVal Loss: 0.83[0m
2022-10-20 20:37:59,514 [33mVal Acc: 0.7211[0m
2022-10-20 20:37:59,515 ====================Training Epoch 65====================
2022-10-20 20:38:04,072 epoch=65 global_step=25500 loss=1.0740 loss_avg=0.8761 lr=0.1000 |gn|=0.0000 acc=0.6328 acc_avg=0.7116 time=45.45it/s
2022-10-20 20:38:16,457 epoch=65 global_step=25750 loss=0.8271 loss_avg=0.8781 lr=0.1000 |gn|=0.0000 acc=0.6641 acc_avg=0.7063 time=47.62it/s
2022-10-20 20:38:19,064 ====================Eval Epoch 65====================
2022-10-20 20:38:20,563 [33mVal Loss: 0.79[0m
2022-10-20 20:38:20,564 [33mVal Acc: 0.7340[0m
2022-10-20 20:38:21,468 state_dict saved at experiments\alex_cifar10\state_dict\state_dict.pt
2022-10-20 20:38:21,468 state_dict loaded from experiments\alex_cifar10\state_dict\state_dict.pt
2022-10-20 20:38:21,468 !!!!!!!!!!The best accuracy is 0!!!!!!!!!!
2022-10-20 20:38:21,469 ====================Training Epoch 66====================
2022-10-20 20:38:30,833 epoch=66 global_step=26000 loss=0.6937 loss_avg=0.8420 lr=0.1000 |gn|=0.0000 acc=0.8047 acc_avg=0.7182 time=47.77it/s
2022-10-20 20:38:40,291 ====================Eval Epoch 66====================
2022-10-20 20:38:41,789 [33mVal Loss: 0.86[0m
2022-10-20 20:38:41,790 [33mVal Acc: 0.7169[0m
2022-10-20 20:38:41,791 ====================Training Epoch 67====================
2022-10-20 20:38:44,450 epoch=67 global_step=26250 loss=1.0109 loss_avg=0.9483 lr=0.1000 |gn|=0.0000 acc=0.6328 acc_avg=0.6821 time=47.62it/s
2022-10-20 20:38:56,301 epoch=67 global_step=26500 loss=0.9588 loss_avg=0.8868 lr=0.1000 |gn|=0.0000 acc=0.7109 acc_avg=0.7071 time=43.48it/s
2022-10-20 20:39:00,537 ====================Eval Epoch 67====================
2022-10-20 20:39:01,998 [33mVal Loss: 0.82[0m
2022-10-20 20:39:01,999 [33mVal Acc: 0.7226[0m
2022-10-20 20:39:01,999 ====================Training Epoch 68====================
2022-10-20 20:39:09,848 epoch=68 global_step=26750 loss=0.8207 loss_avg=0.8656 lr=0.1000 |gn|=0.0000 acc=0.7500 acc_avg=0.7125 time=47.62it/s
2022-10-20 20:39:20,709 ====================Eval Epoch 68====================
2022-10-20 20:39:22,203 [33mVal Loss: 0.97[0m
2022-10-20 20:39:22,204 [33mVal Acc: 0.6968[0m
2022-10-20 20:39:22,204 ====================Training Epoch 69====================
2022-10-20 20:39:23,278 epoch=69 global_step=27000 loss=0.8275 loss_avg=0.9235 lr=0.1000 |gn|=0.0000 acc=0.6797 acc_avg=0.6925 time=47.61it/s
2022-10-20 20:39:35,330 epoch=69 global_step=27250 loss=0.9669 loss_avg=0.8868 lr=0.1000 |gn|=0.0000 acc=0.6641 acc_avg=0.7049 time=45.46it/s
2022-10-20 20:39:41,171 ====================Eval Epoch 69====================
2022-10-20 20:39:42,671 [33mVal Loss: 0.85[0m
2022-10-20 20:39:42,671 [33mVal Acc: 0.7079[0m
2022-10-20 20:39:42,672 ====================Training Epoch 70====================
2022-10-20 20:39:48,990 epoch=70 global_step=27500 loss=0.7542 loss_avg=0.8561 lr=0.1000 |gn|=0.0000 acc=0.7422 acc_avg=0.7143 time=47.62it/s
2022-10-20 20:40:01,040 epoch=70 global_step=27750 loss=0.7817 loss_avg=0.8664 lr=0.1000 |gn|=0.0000 acc=0.7422 acc_avg=0.7105 time=43.49it/s
2022-10-20 20:40:01,520 ====================Eval Epoch 70====================
2022-10-20 20:40:03,034 [33mVal Loss: 0.88[0m
2022-10-20 20:40:03,034 [33mVal Acc: 0.7026[0m
2022-10-20 20:40:03,035 ====================Training Epoch 71====================
2022-10-20 20:40:14,451 epoch=71 global_step=28000 loss=1.0281 loss_avg=0.8562 lr=0.1000 |gn|=0.0000 acc=0.6641 acc_avg=0.7122 time=47.62it/s
2022-10-20 20:40:21,639 ====================Eval Epoch 71====================
2022-10-20 20:40:23,080 [33mVal Loss: 0.85[0m
2022-10-20 20:40:23,080 [33mVal Acc: 0.7124[0m
2022-10-20 20:40:23,081 ====================Training Epoch 72====================
2022-10-20 20:40:27,699 epoch=72 global_step=28250 loss=0.8983 loss_avg=0.8788 lr=0.1000 |gn|=0.0000 acc=0.6953 acc_avg=0.7068 time=47.62it/s
